# Logfile created on 2017-11-05 22:25:13 -0500 by logger.rb/56815
D, [2017-11-05T22:25:13.440847 #1775] DEBUG -- : REQUESTING PAGE: GET / with {} and HTTP headers {}
D, [2017-11-05T22:32:25.019270 #1803] DEBUG -- : REQUESTING PAGE: GET / with {} and HTTP headers {}
D, [2017-11-05T22:32:47.122383 #1807] DEBUG -- : REQUESTING PAGE: GET / with {} and HTTP headers {}
D, [2017-11-05T22:33:15.390267 #1811] DEBUG -- : REQUESTING PAGE: GET / with {} and HTTP headers {}
D, [2017-11-05T22:38:09.714141 #1832] DEBUG -- : REQUESTING PAGE: GET / with {} and HTTP headers {}
D, [2017-11-05T22:41:05.639787 #1870] DEBUG -- : REQUESTING PAGE: GET / with {} and HTTP headers {}
D, [2017-11-05T22:43:35.541180 #1880] DEBUG -- : REQUESTING PAGE: GET / with {} and HTTP headers {}
D, [2017-11-05T23:10:49.406372 #2060] DEBUG -- : REQUESTING PAGE: GET / with {} and HTTP headers {}
D, [2017-11-05T23:10:49.449515 #2060] DEBUG -- : REQUESTING PAGE: GET / with {} and HTTP headers {}
D, [2017-11-05T23:11:58.421683 #2065] DEBUG -- : REQUESTING PAGE: GET / with {} and HTTP headers {}
D, [2017-11-05T23:11:58.447831 #2065] DEBUG -- : REQUESTING PAGE: GET / with {} and HTTP headers {}
D, [2017-11-05T23:13:23.227761 #2073] DEBUG -- : REQUESTING PAGE: GET / with {} and HTTP headers {}
D, [2017-11-05T23:13:23.253988 #2073] DEBUG -- : REQUESTING PAGE: GET / with {} and HTTP headers {}
D, [2017-11-05T23:13:23.273776 #2073] DEBUG -- : REQUESTING PAGE: GET /game with {} and HTTP headers {"HTTP_REFERER"=>"/"}
D, [2017-11-05T23:13:23.276984 #2073] DEBUG -- : REQUESTING PAGE: GET /game with {} and HTTP headers {"HTTP_REFERER"=>"/game"}
D, [2017-11-05T23:14:59.470877 #2082] DEBUG -- : REQUESTING PAGE: GET / with {} and HTTP headers {}
D, [2017-11-05T23:14:59.496767 #2082] DEBUG -- : REQUESTING PAGE: GET / with {} and HTTP headers {}
D, [2017-11-05T23:14:59.500128 #2082] DEBUG -- : REQUESTING PAGE: GET /game with {} and HTTP headers {"HTTP_REFERER"=>"/"}
D, [2017-11-05T23:14:59.501965 #2082] DEBUG -- : REQUESTING PAGE: GET /game with {} and HTTP headers {"HTTP_REFERER"=>"/game"}
D, [2017-11-05T23:50:14.749860 #2286] DEBUG -- : REQUESTING PAGE: GET / with {} and HTTP headers {}
D, [2017-11-05T23:50:14.775685 #2286] DEBUG -- : REQUESTING PAGE: GET / with {} and HTTP headers {}
D, [2017-11-05T23:50:14.778957 #2286] DEBUG -- : REQUESTING PAGE: GET /game with {} and HTTP headers {"HTTP_REFERER"=>"/"}
D, [2017-11-05T23:50:14.781132 #2286] DEBUG -- : REQUESTING PAGE: GET /game with {} and HTTP headers {"HTTP_REFERER"=>"/game"}
D, [2017-11-06T00:27:56.227362 #2484] DEBUG -- : REQUESTING PAGE: GET / with {} and HTTP headers {}
D, [2017-11-06T00:27:56.254821 #2484] DEBUG -- : REQUESTING PAGE: GET / with {} and HTTP headers {}
D, [2017-11-06T00:27:56.258742 #2484] DEBUG -- : REQUESTING PAGE: GET /game with {} and HTTP headers {"HTTP_REFERER"=>"/"}
D, [2017-11-06T00:27:56.263774 #2484] DEBUG -- : REQUESTING PAGE: GET /game with {} and HTTP headers {"HTTP_REFERER"=>"/game"}
D, [2017-11-06T00:29:27.270173 #2494] DEBUG -- : REQUESTING PAGE: GET / with {} and HTTP headers {}
D, [2017-11-06T00:29:27.295232 #2494] DEBUG -- : REQUESTING PAGE: GET / with {} and HTTP headers {}
D, [2017-11-06T00:29:27.298660 #2494] DEBUG -- : REQUESTING PAGE: GET /game with {} and HTTP headers {"HTTP_REFERER"=>"/"}
D, [2017-11-06T00:29:27.300956 #2494] DEBUG -- : REQUESTING PAGE: GET /game with {} and HTTP headers {"HTTP_REFERER"=>"/game"}
D, [2017-11-06T00:29:27.304175 #2494] DEBUG -- : REQUESTING PAGE: GET /game with {} and HTTP headers {}
D, [2017-11-06T00:29:27.317007 #2494] DEBUG -- : REQUESTING PAGE: POST /action with {"accion"=>"salir"} and HTTP headers {"HTTP_REFERER"=>"/game"}
D, [2017-11-06T00:29:27.323483 #2494] DEBUG -- : REQUESTING PAGE: GET / with {} and HTTP headers {"HTTP_REFERER"=>"/action"}
D, [2017-11-06T00:30:01.430638 #2500] DEBUG -- : REQUESTING PAGE: GET / with {} and HTTP headers {}
D, [2017-11-06T00:30:01.455858 #2500] DEBUG -- : REQUESTING PAGE: GET / with {} and HTTP headers {}
D, [2017-11-06T00:30:01.459383 #2500] DEBUG -- : REQUESTING PAGE: GET /game with {} and HTTP headers {"HTTP_REFERER"=>"/"}
D, [2017-11-06T00:30:01.463900 #2500] DEBUG -- : REQUESTING PAGE: GET /game with {} and HTTP headers {"HTTP_REFERER"=>"/game"}
D, [2017-11-06T00:30:01.467062 #2500] DEBUG -- : REQUESTING PAGE: GET /game with {} and HTTP headers {}
D, [2017-11-06T00:30:01.471988 #2500] DEBUG -- : REQUESTING PAGE: POST /action with {"accion"=>"salir"} and HTTP headers {"HTTP_REFERER"=>"/game"}
D, [2017-11-06T00:30:01.478848 #2500] DEBUG -- : REQUESTING PAGE: GET / with {} and HTTP headers {"HTTP_REFERER"=>"/action"}
D, [2017-11-06T00:39:35.832481 #2545] DEBUG -- : REQUESTING PAGE: GET / with {} and HTTP headers {}
D, [2017-11-06T00:39:35.857705 #2545] DEBUG -- : REQUESTING PAGE: GET / with {} and HTTP headers {}
D, [2017-11-06T00:39:35.860961 #2545] DEBUG -- : REQUESTING PAGE: GET /game with {} and HTTP headers {"HTTP_REFERER"=>"/"}
D, [2017-11-06T00:39:35.863165 #2545] DEBUG -- : REQUESTING PAGE: GET /game with {} and HTTP headers {"HTTP_REFERER"=>"/game"}
D, [2017-11-06T00:39:35.866574 #2545] DEBUG -- : REQUESTING PAGE: GET /game with {} and HTTP headers {}
D, [2017-11-06T00:39:35.871468 #2545] DEBUG -- : REQUESTING PAGE: POST /action with {"accion"=>"salir"} and HTTP headers {"HTTP_REFERER"=>"/game"}
D, [2017-11-06T00:39:35.877736 #2545] DEBUG -- : REQUESTING PAGE: GET / with {} and HTTP headers {"HTTP_REFERER"=>"/action"}
D, [2017-11-06T00:45:33.849162 #2592] DEBUG -- : REQUESTING PAGE: GET / with {} and HTTP headers {}
D, [2017-11-06T00:45:33.874703 #2592] DEBUG -- : REQUESTING PAGE: GET / with {} and HTTP headers {}
D, [2017-11-06T00:45:33.877883 #2592] DEBUG -- : REQUESTING PAGE: GET /game with {} and HTTP headers {"HTTP_REFERER"=>"/"}
D, [2017-11-06T00:45:33.880119 #2592] DEBUG -- : REQUESTING PAGE: GET /game with {} and HTTP headers {"HTTP_REFERER"=>"/game"}
D, [2017-11-06T00:45:33.883239 #2592] DEBUG -- : REQUESTING PAGE: GET /game with {} and HTTP headers {}
D, [2017-11-06T00:45:33.887925 #2592] DEBUG -- : REQUESTING PAGE: POST /action with {"accion"=>"salir"} and HTTP headers {"HTTP_REFERER"=>"/game"}
D, [2017-11-06T00:45:33.894213 #2592] DEBUG -- : REQUESTING PAGE: GET / with {} and HTTP headers {"HTTP_REFERER"=>"/action"}
D, [2017-11-06T00:47:47.668285 #2604] DEBUG -- : REQUESTING PAGE: GET / with {} and HTTP headers {}
D, [2017-11-06T00:47:47.695980 #2604] DEBUG -- : REQUESTING PAGE: GET / with {} and HTTP headers {}
D, [2017-11-06T00:47:47.699792 #2604] DEBUG -- : REQUESTING PAGE: GET /game with {} and HTTP headers {"HTTP_REFERER"=>"/"}
D, [2017-11-06T00:47:47.702274 #2604] DEBUG -- : REQUESTING PAGE: GET /game with {} and HTTP headers {"HTTP_REFERER"=>"/game"}
D, [2017-11-06T00:47:47.705790 #2604] DEBUG -- : REQUESTING PAGE: GET /game with {} and HTTP headers {}
D, [2017-11-06T00:47:47.710687 #2604] DEBUG -- : REQUESTING PAGE: POST /action with {"accion"=>"salir"} and HTTP headers {"HTTP_REFERER"=>"/game"}
D, [2017-11-06T00:47:47.717316 #2604] DEBUG -- : REQUESTING PAGE: GET / with {} and HTTP headers {"HTTP_REFERER"=>"/action"}
D, [2017-11-06T00:48:59.382156 #2613] DEBUG -- : REQUESTING PAGE: GET /game with {} and HTTP headers {}
D, [2017-11-06T00:48:59.408282 #2613] DEBUG -- : REQUESTING PAGE: POST /action with {"accion"=>"salir"} and HTTP headers {"HTTP_REFERER"=>"/game"}
D, [2017-11-06T00:48:59.414923 #2613] DEBUG -- : REQUESTING PAGE: GET / with {} and HTTP headers {"HTTP_REFERER"=>"/action"}
D, [2017-11-06T00:48:59.418104 #2613] DEBUG -- : REQUESTING PAGE: GET / with {} and HTTP headers {}
D, [2017-11-06T00:48:59.421631 #2613] DEBUG -- : REQUESTING PAGE: GET / with {} and HTTP headers {}
D, [2017-11-06T00:48:59.424801 #2613] DEBUG -- : REQUESTING PAGE: GET /game with {} and HTTP headers {"HTTP_REFERER"=>"/"}
D, [2017-11-06T00:48:59.428156 #2613] DEBUG -- : REQUESTING PAGE: GET /game with {} and HTTP headers {"HTTP_REFERER"=>"/game"}
D, [2017-11-06T00:52:24.943749 #2629] DEBUG -- : REQUESTING PAGE: GET /game with {} and HTTP headers {}
D, [2017-11-06T00:52:24.968936 #2629] DEBUG -- : REQUESTING PAGE: POST /action with {"accion"=>"salir"} and HTTP headers {"HTTP_REFERER"=>"/game"}
D, [2017-11-06T00:52:24.975312 #2629] DEBUG -- : REQUESTING PAGE: GET / with {} and HTTP headers {"HTTP_REFERER"=>"/action"}
D, [2017-11-06T00:52:24.978269 #2629] DEBUG -- : REQUESTING PAGE: GET /game with {} and HTTP headers {}
D, [2017-11-06T00:52:24.982308 #2629] DEBUG -- : REQUESTING PAGE: GET / with {} and HTTP headers {}
D, [2017-11-06T00:52:24.985857 #2629] DEBUG -- : REQUESTING PAGE: GET / with {} and HTTP headers {}
D, [2017-11-06T00:52:24.988650 #2629] DEBUG -- : REQUESTING PAGE: GET /game with {} and HTTP headers {"HTTP_REFERER"=>"/"}
D, [2017-11-06T00:52:24.990942 #2629] DEBUG -- : REQUESTING PAGE: GET /game with {} and HTTP headers {"HTTP_REFERER"=>"/game"}
D, [2017-11-06T00:53:25.447183 #2634] DEBUG -- : REQUESTING PAGE: GET /game with {} and HTTP headers {}
D, [2017-11-06T00:53:25.474349 #2634] DEBUG -- : REQUESTING PAGE: POST /action with {"accion"=>"salir"} and HTTP headers {"HTTP_REFERER"=>"/game"}
D, [2017-11-06T00:53:25.482333 #2634] DEBUG -- : REQUESTING PAGE: GET / with {} and HTTP headers {"HTTP_REFERER"=>"/action"}
D, [2017-11-06T00:53:25.485465 #2634] DEBUG -- : REQUESTING PAGE: GET /game with {} and HTTP headers {}
D, [2017-11-06T00:53:25.489736 #2634] DEBUG -- : REQUESTING PAGE: GET / with {} and HTTP headers {}
D, [2017-11-06T00:53:25.493324 #2634] DEBUG -- : REQUESTING PAGE: GET / with {} and HTTP headers {}
D, [2017-11-06T00:53:25.496227 #2634] DEBUG -- : REQUESTING PAGE: GET /game with {} and HTTP headers {"HTTP_REFERER"=>"/"}
D, [2017-11-06T00:53:25.498865 #2634] DEBUG -- : REQUESTING PAGE: GET /game with {} and HTTP headers {"HTTP_REFERER"=>"/game"}
D, [2017-11-06T00:53:34.150127 #2636] DEBUG -- : REQUESTING PAGE: GET /game with {} and HTTP headers {}
D, [2017-11-06T00:53:34.175067 #2636] DEBUG -- : REQUESTING PAGE: POST /action with {"accion"=>"salir"} and HTTP headers {"HTTP_REFERER"=>"/game"}
D, [2017-11-06T00:53:34.181345 #2636] DEBUG -- : REQUESTING PAGE: GET / with {} and HTTP headers {"HTTP_REFERER"=>"/action"}
D, [2017-11-06T00:53:34.184637 #2636] DEBUG -- : REQUESTING PAGE: GET /game with {} and HTTP headers {}
D, [2017-11-06T00:53:34.189408 #2636] DEBUG -- : REQUESTING PAGE: GET / with {} and HTTP headers {}
D, [2017-11-06T00:53:34.193093 #2636] DEBUG -- : REQUESTING PAGE: GET / with {} and HTTP headers {}
D, [2017-11-06T00:53:34.195936 #2636] DEBUG -- : REQUESTING PAGE: GET /game with {} and HTTP headers {"HTTP_REFERER"=>"/"}
D, [2017-11-06T00:53:34.198206 #2636] DEBUG -- : REQUESTING PAGE: GET /game with {} and HTTP headers {"HTTP_REFERER"=>"/game"}
D, [2017-11-06T00:54:50.341710 #2643] DEBUG -- : REQUESTING PAGE: GET /game with {} and HTTP headers {}
D, [2017-11-06T00:54:50.369659 #2643] DEBUG -- : REQUESTING PAGE: POST /action with {"accion"=>"salir"} and HTTP headers {"HTTP_REFERER"=>"/game"}
D, [2017-11-06T00:54:50.376332 #2643] DEBUG -- : REQUESTING PAGE: GET / with {} and HTTP headers {"HTTP_REFERER"=>"/action"}
D, [2017-11-06T00:54:50.379154 #2643] DEBUG -- : REQUESTING PAGE: GET /game with {} and HTTP headers {}
D, [2017-11-06T00:54:50.383106 #2643] DEBUG -- : REQUESTING PAGE: GET / with {} and HTTP headers {}
D, [2017-11-06T00:54:50.386643 #2643] DEBUG -- : REQUESTING PAGE: GET / with {} and HTTP headers {}
D, [2017-11-06T00:54:50.389406 #2643] DEBUG -- : REQUESTING PAGE: GET /game with {} and HTTP headers {"HTTP_REFERER"=>"/"}
D, [2017-11-06T00:54:50.391837 #2643] DEBUG -- : REQUESTING PAGE: GET /game with {} and HTTP headers {"HTTP_REFERER"=>"/game"}
D, [2017-11-06T00:55:40.144035 #2650] DEBUG -- : REQUESTING PAGE: GET /game with {} and HTTP headers {}
D, [2017-11-06T00:55:40.171637 #2650] DEBUG -- : REQUESTING PAGE: POST /action with {"accion"=>"salir"} and HTTP headers {"HTTP_REFERER"=>"/game"}
D, [2017-11-06T00:55:40.178478 #2650] DEBUG -- : REQUESTING PAGE: GET / with {} and HTTP headers {"HTTP_REFERER"=>"/action"}
D, [2017-11-06T00:55:40.181474 #2650] DEBUG -- : REQUESTING PAGE: GET /game with {} and HTTP headers {}
D, [2017-11-06T00:55:40.185224 #2650] DEBUG -- : REQUESTING PAGE: GET / with {} and HTTP headers {}
D, [2017-11-06T00:55:40.188733 #2650] DEBUG -- : REQUESTING PAGE: GET / with {} and HTTP headers {}
D, [2017-11-06T00:55:40.191970 #2650] DEBUG -- : REQUESTING PAGE: GET /game with {} and HTTP headers {"HTTP_REFERER"=>"/"}
D, [2017-11-06T00:55:40.194480 #2650] DEBUG -- : REQUESTING PAGE: GET /game with {} and HTTP headers {"HTTP_REFERER"=>"/game"}
D, [2017-11-06T02:16:16.408151 #2916] DEBUG -- : REQUESTING PAGE: GET /game with {} and HTTP headers {}
D, [2017-11-06T02:16:16.436245 #2916] DEBUG -- : REQUESTING PAGE: POST /action with {"accion"=>"salir"} and HTTP headers {"HTTP_REFERER"=>"/game"}
D, [2017-11-06T02:16:16.443032 #2916] DEBUG -- : REQUESTING PAGE: GET / with {} and HTTP headers {"HTTP_REFERER"=>"/action"}
D, [2017-11-06T02:16:16.445918 #2916] DEBUG -- : REQUESTING PAGE: GET /game with {} and HTTP headers {}
D, [2017-11-06T02:16:16.449896 #2916] DEBUG -- : REQUESTING PAGE: GET / with {} and HTTP headers {}
D, [2017-11-06T02:16:16.453281 #2916] DEBUG -- : REQUESTING PAGE: GET / with {} and HTTP headers {}
D, [2017-11-06T02:16:16.456169 #2916] DEBUG -- : REQUESTING PAGE: GET /game with {} and HTTP headers {"HTTP_REFERER"=>"/"}
D, [2017-11-06T02:16:16.458499 #2916] DEBUG -- : REQUESTING PAGE: GET /game with {} and HTTP headers {"HTTP_REFERER"=>"/game"}
D, [2017-11-06T02:20:24.436036 #2941] DEBUG -- : REQUESTING PAGE: GET /game with {} and HTTP headers {}
D, [2017-11-06T02:20:24.465582 #2941] DEBUG -- : REQUESTING PAGE: POST /action with {"accion"=>"salir"} and HTTP headers {"HTTP_REFERER"=>"/game"}
D, [2017-11-06T02:20:24.472928 #2941] DEBUG -- : REQUESTING PAGE: GET / with {} and HTTP headers {"HTTP_REFERER"=>"/action"}
D, [2017-11-06T02:20:24.476051 #2941] DEBUG -- : REQUESTING PAGE: GET /game with {} and HTTP headers {}
D, [2017-11-06T02:20:24.480203 #2941] DEBUG -- : REQUESTING PAGE: GET / with {} and HTTP headers {}
D, [2017-11-06T02:20:24.483725 #2941] DEBUG -- : REQUESTING PAGE: GET / with {} and HTTP headers {}
D, [2017-11-06T02:20:24.486697 #2941] DEBUG -- : REQUESTING PAGE: GET /game with {} and HTTP headers {"HTTP_REFERER"=>"/"}
D, [2017-11-06T02:20:24.489292 #2941] DEBUG -- : REQUESTING PAGE: GET /game with {} and HTTP headers {"HTTP_REFERER"=>"/game"}
D, [2017-11-06T02:20:33.484664 #2947] DEBUG -- : REQUESTING PAGE: GET /game with {} and HTTP headers {}
D, [2017-11-06T02:20:33.520830 #2947] DEBUG -- : REQUESTING PAGE: POST /action with {"accion"=>"salir"} and HTTP headers {"HTTP_REFERER"=>"/game"}
D, [2017-11-06T02:20:33.534008 #2947] DEBUG -- : REQUESTING PAGE: GET / with {} and HTTP headers {"HTTP_REFERER"=>"/action"}
D, [2017-11-06T02:20:33.537366 #2947] DEBUG -- : REQUESTING PAGE: GET /game with {} and HTTP headers {}
D, [2017-11-06T02:20:33.542683 #2947] DEBUG -- : REQUESTING PAGE: GET / with {} and HTTP headers {}
D, [2017-11-06T02:20:33.546362 #2947] DEBUG -- : REQUESTING PAGE: GET / with {} and HTTP headers {}
D, [2017-11-06T02:20:33.549314 #2947] DEBUG -- : REQUESTING PAGE: GET /game with {} and HTTP headers {"HTTP_REFERER"=>"/"}
D, [2017-11-06T02:20:33.551746 #2947] DEBUG -- : REQUESTING PAGE: GET /game with {} and HTTP headers {"HTTP_REFERER"=>"/game"}
D, [2017-11-06T02:28:01.518391 #2984] DEBUG -- : REQUESTING PAGE: GET /game with {} and HTTP headers {}
D, [2017-11-06T02:28:01.717818 #2984] DEBUG -- : REQUESTING PAGE: POST /action with {"accion"=>"salir"} and HTTP headers {"HTTP_REFERER"=>"/game"}
D, [2017-11-06T02:28:01.734781 #2984] DEBUG -- : REQUESTING PAGE: GET / with {} and HTTP headers {"HTTP_REFERER"=>"/action"}
D, [2017-11-06T02:28:01.738062 #2984] DEBUG -- : REQUESTING PAGE: GET /game with {} and HTTP headers {}
D, [2017-11-06T02:28:01.742752 #2984] DEBUG -- : REQUESTING PAGE: GET / with {} and HTTP headers {}
D, [2017-11-06T02:28:01.746783 #2984] DEBUG -- : REQUESTING PAGE: GET / with {} and HTTP headers {}
D, [2017-11-06T02:28:01.749847 #2984] DEBUG -- : REQUESTING PAGE: GET /game with {} and HTTP headers {"HTTP_REFERER"=>"/"}
D, [2017-11-06T02:28:01.753203 #2984] DEBUG -- : REQUESTING PAGE: GET /game with {} and HTTP headers {"HTTP_REFERER"=>"/game"}
